<?xml version="1.0" encoding="UTF-8"?>
<!-- Generated by org.testng.reporters.JUnitXMLReporter -->
<testsuite ignored="1" hostname="DESKTOP-5EVK54D" failures="1" tests="1" name="Default test(failed)" time="0.143" errors="0" timestamp="2023-05-08T09:03:07 IST">
  <testcase classname="testngdiscussion.AmazonTestCases" name="loginToApp" time="0.031">
    <failure type="java.lang.NullPointerException" message="Cannot invoke &amp;quot;org.openqa.selenium.WebDriver.findElement(org.openqa.selenium.By)&amp;quot; because &amp;quot;this.driver&amp;quot; is null">
      <![CDATA[java.lang.NullPointerException: Cannot invoke "org.openqa.selenium.WebDriver.findElement(org.openqa.selenium.By)" because "this.driver" is null
at testngdiscussion.AmazonTestCases.loginToApp(AmazonTestCases.java:25)
at java.base/java.util.ArrayList.forEach(ArrayList.java:1511)
... Removed 27 stack frames]]>
    </failure>
  </testcase> <!-- loginToApp -->
  <testcase classname="testngdiscussion.AmazonTestCases" name="navToUrl" time="0.0">
    <ignored/>
  </testcase> <!-- navToUrl -->
</testsuite> <!-- Default test(failed) -->
