<?xml version="1.0" encoding="UTF-8"?>
<!-- Generated by org.testng.reporters.JUnitXMLReporter -->
<testsuite ignored="0" hostname="DESKTOP-5EVK54D" failures="0" tests="3" name="Signup" time="8.932" errors="0" timestamp="2023-04-21T08:52:13 IST">
  <testcase classname="testngdiscussion.Parameterization" name="getDetails" time="0.018"/>
  <testcase classname="testngdiscussion.Parameterization" name="launchBrowser" time="8.791"/>
  <testcase classname="testngdiscussion.Parameterization" name="login" time="0.005"/>
</testsuite> <!-- Signup -->
