<?xml version="1.0" encoding="UTF-8"?>
<!-- Generated by org.testng.reporters.JUnitXMLReporter -->
<testsuite ignored="0" hostname="DESKTOP-5EVK54D" failures="0" tests="4" name="Default test" time="0.15" errors="0" timestamp="2023-04-16T09:06:23 IST">
  <testcase classname="testngdiscussion.PriorityKeyword" name="login" time="0.021"/>
  <testcase classname="testngdiscussion.PriorityKeyword" name="home" time="0.002"/>
  <testcase classname="testngdiscussion.PriorityKeyword" name="profile" time="0.008"/>
  <testcase classname="testngdiscussion.PriorityKeyword" name="logout" time="0.004"/>
</testsuite> <!-- Default test -->
