<?xml version="1.0" encoding="UTF-8"?>
<!-- Generated by org.testng.reporters.JUnitXMLReporter -->
<testsuite ignored="0" hostname="DESKTOP-5EVK54D" failures="0" tests="7" name="Default test" time="0.186" errors="0" timestamp="2023-04-17T08:47:51 IST">
  <testcase classname="testngdiscussion.InvocationCountKeyword" name="profile" time="0.022"/>
  <testcase classname="testngdiscussion.InvocationCountKeyword" name="login" time="0.004"/>
  <testcase classname="testngdiscussion.InvocationCountKeyword" name="home" time="0.006"/>
  <testcase classname="testngdiscussion.InvocationCountKeyword" name="home" time="0.008"/>
  <testcase classname="testngdiscussion.InvocationCountKeyword" name="home" time="0.01"/>
  <testcase classname="testngdiscussion.InvocationCountKeyword" name="home" time="0.007"/>
  <testcase classname="testngdiscussion.InvocationCountKeyword" name="home" time="0.003"/>
</testsuite> <!-- Default test -->
