<?xml version="1.0" encoding="UTF-8"?>
<!-- Generated by org.testng.reporters.JUnitXMLReporter -->
<testsuite ignored="0" hostname="DESKTOP-5EVK54D" failures="0" tests="3" name="logout" time="8.617" errors="0" timestamp="2023-04-21T09:07:49 IST">
  <testcase classname="testngdiscussion.Parameterization" name="getDetails" time="0.003"/>
  <testcase classname="testngdiscussion.Parameterization" name="launchBrowser" time="8.573"/>
  <testcase classname="testngdiscussion.Parameterization" name="login" time="0.006"/>
</testsuite> <!-- logout -->
