<?xml version="1.0" encoding="UTF-8"?>
<!-- Generated by org.testng.reporters.JUnitXMLReporter -->
<testsuite ignored="0" hostname="DESKTOP-5EVK54D" failures="1" tests="6" name="Module1" time="0.379" errors="0" timestamp="2023-04-26T08:54:46 IST">
  <testcase classname="testngdiscussion.TestClass" name="getDetails" time="0.021"/>
  <testcase classname="testngdiscussion.TestClass" name="setDetails" time="0.018">
    <failure type="java.lang.AssertionError" message="expected [true] but found [false]">
      <![CDATA[java.lang.AssertionError: expected [true] but found [false]
at testngdiscussion.TestClass.setDetails(TestClass.java:20)
at java.base/java.util.ArrayList.forEach(ArrayList.java:1511)
... Removed 33 stack frames]]>
    </failure>
  </testcase> <!-- setDetails -->
  <testcase classname="testngdiscussion.TestClass" name="login" time="0.0">
    <skipped/>
  </testcase> <!-- login -->
  <testcase classname="testngdiscussion.TestClass" name="home" time="0.0">
    <skipped/>
  </testcase> <!-- home -->
  <testcase classname="testngdiscussion.TestClass" name="profile" time="0.011"/>
  <testcase classname="testngdiscussion.TestClass" name="logout" time="0.003"/>
</testsuite> <!-- Module1 -->
