<?xml version="1.0" encoding="UTF-8"?>
<!-- Generated by org.testng.reporters.JUnitXMLReporter -->
<testsuite ignored="0" hostname="DESKTOP-5EVK54D" failures="0" tests="3" name="Signup" time="12.282" errors="0" timestamp="2023-04-21T09:07:41 IST">
  <testcase classname="testngdiscussion.Parameterization" name="getDetails" time="0.023"/>
  <testcase classname="testngdiscussion.Parameterization" name="launchBrowser" time="12.146"/>
  <testcase classname="testngdiscussion.Parameterization" name="login" time="0.002"/>
</testsuite> <!-- Signup -->
