<?xml version="1.0" encoding="UTF-8"?>
<!-- Generated by org.testng.reporters.JUnitXMLReporter -->
<testsuite ignored="0" hostname="DESKTOP-5EVK54D" failures="0" tests="3" name="Test1" time="0.134" errors="0" timestamp="2023-04-23T08:46:28 IST">
  <testcase classname="testngdiscussion.Annotations" name="testCase1" time="0.014"/>
  <testcase classname="testngdiscussion.Annotations" name="testCase2" time="0.004"/>
  <testcase classname="testngdiscussion.Annotations2" name="testCase3" time="0.009"/>
</testsuite> <!-- Test1 -->
