<?xml version="1.0" encoding="UTF-8"?>
<!-- Generated by org.testng.reporters.JUnitXMLReporter -->
<testsuite ignored="0" hostname="DESKTOP-5EVK54D" failures="0" tests="3" name="Test" time="30.619" errors="0" timestamp="2023-04-27T08:56:21 IST">
  <testcase classname="testngdiscussion.ParallelClass2" name="testCase3" time="19.056"/>
  <testcase classname="testngdiscussion.ParallelClass1" name="testCase1" time="20.337"/>
  <testcase classname="testngdiscussion.ParallelClass1" name="testCase2" time="10.199"/>
</testsuite> <!-- Test -->
