<?xml version="1.0" encoding="UTF-8"?>
<!-- Generated by org.testng.reporters.JUnitXMLReporter -->
<testsuite ignored="0" hostname="DESKTOP-5EVK54D" failures="0" tests="3" name="Test" time="1.555" errors="0" timestamp="2023-05-06T09:46:25 IST">
  <testcase classname="testclasses.SearchTest" name="verifyTitle" time="0.019"/>
  <testcase classname="testclasses.SearchTest" name="searchProduct" time="1.444"/>
  <testcase classname="testclasses.SearchTest" name="validateSearchResults" time="0.002"/>
</testsuite> <!-- Test -->
