<?xml version="1.0" encoding="UTF-8"?>
<testng-results ignored="1" total="6" passed="5" failed="0" skipped="0">
  <reporter-output>
  </reporter-output>
  <suite started-at="2023-04-24T09:03:20 IST" name="Suite" finished-at="2023-04-24T09:03:20 IST" duration-ms="146">
    <groups>
      <group name="functional">
        <method signature="GroupingOfTestCase.getDetails()[pri:1, instance:testngdiscussion.GroupingOfTestCase@3ee37e5a]" name="getDetails" class="testngdiscussion.GroupingOfTestCase"/>
        <method signature="GroupingOfTestCase.login()[pri:3, instance:testngdiscussion.GroupingOfTestCase@3ee37e5a]" name="login" class="testngdiscussion.GroupingOfTestCase"/>
        <method signature="GroupingOfTestCase.logout()[pri:6, instance:testngdiscussion.GroupingOfTestCase@3ee37e5a]" name="logout" class="testngdiscussion.GroupingOfTestCase"/>
        <method signature="GroupingOfTestCase.profile()[pri:5, instance:testngdiscussion.GroupingOfTestCase@3ee37e5a]" name="profile" class="testngdiscussion.GroupingOfTestCase"/>
      </group> <!-- functional -->
      <group name="regression">
        <method signature="GroupingOfTestCase.profile()[pri:5, instance:testngdiscussion.GroupingOfTestCase@3ee37e5a]" name="profile" class="testngdiscussion.GroupingOfTestCase"/>
        <method signature="GroupingOfTestCase.setDetails()[pri:2, instance:testngdiscussion.GroupingOfTestCase@3ee37e5a]" name="setDetails" class="testngdiscussion.GroupingOfTestCase"/>
      </group> <!-- regression -->
      <group name="sanity">
        <method signature="GroupingOfTestCase.login()[pri:3, instance:testngdiscussion.GroupingOfTestCase@3ee37e5a]" name="login" class="testngdiscussion.GroupingOfTestCase"/>
      </group> <!-- sanity -->
    </groups>
    <test started-at="2023-04-24T09:03:20 IST" name="Test" finished-at="2023-04-24T09:03:20 IST" duration-ms="146">
      <class name="testngdiscussion.GroupingOfTestCase">
        <test-method signature="getDetails()[pri:1, instance:testngdiscussion.GroupingOfTestCase@3ee37e5a]" started-at="2023-04-24T09:03:20 IST" name="getDetails" finished-at="2023-04-24T09:03:20 IST" duration-ms="13" status="PASS">
          <reporter-output>
          </reporter-output>
        </test-method> <!-- getDetails -->
        <test-method signature="setDetails()[pri:2, instance:testngdiscussion.GroupingOfTestCase@3ee37e5a]" started-at="2023-04-24T09:03:20 IST" name="setDetails" finished-at="2023-04-24T09:03:20 IST" duration-ms="1" status="PASS">
          <reporter-output>
          </reporter-output>
        </test-method> <!-- setDetails -->
        <test-method signature="login()[pri:3, instance:testngdiscussion.GroupingOfTestCase@3ee37e5a]" started-at="2023-04-24T09:03:20 IST" name="login" finished-at="2023-04-24T09:03:20 IST" duration-ms="2" status="PASS">
          <reporter-output>
          </reporter-output>
        </test-method> <!-- login -->
        <test-method signature="profile()[pri:5, instance:testngdiscussion.GroupingOfTestCase@3ee37e5a]" started-at="2023-04-24T09:03:20 IST" name="profile" finished-at="2023-04-24T09:03:20 IST" duration-ms="2" status="PASS">
          <reporter-output>
          </reporter-output>
        </test-method> <!-- profile -->
        <test-method signature="logout()[pri:6, instance:testngdiscussion.GroupingOfTestCase@3ee37e5a]" started-at="2023-04-24T09:03:20 IST" name="logout" finished-at="2023-04-24T09:03:20 IST" duration-ms="4" status="PASS">
          <reporter-output>
          </reporter-output>
        </test-method> <!-- logout -->
      </class> <!-- testngdiscussion.GroupingOfTestCase -->
    </test> <!-- Test -->
  </suite> <!-- Suite -->
</testng-results>
